<?xml version="1.0" encoding="UTF-8"?>
<testng-results ignored="0" total="1" passed="1" failed="0" skipped="0">
  <reporter-output>
  </reporter-output>
  <suite started-at="2022-12-04T07:24:25Z" name="Default suite" finished-at="2022-12-04T07:24:34Z" duration-ms="8890">
    <groups>
    </groups>
    <test started-at="2022-12-04T07:24:25Z" name="Default test" finished-at="2022-12-04T07:24:34Z" duration-ms="8890">
      <class name="RestGitHub.CreateRepo_usingTocken">
        <test-method signature="test1()[pri:0, instance:RestGitHub.CreateRepo_usingTocken@41005828]" started-at="2022-12-04T07:24:25Z" name="test1" finished-at="2022-12-04T07:24:34Z" duration-ms="8827" status="PASS">
          <reporter-output>
          </reporter-output>
        </test-method> <!-- test1 -->
      </class> <!-- RestGitHub.CreateRepo_usingTocken -->
    </test> <!-- Default test -->
  </suite> <!-- Default suite -->
</testng-results>
